2022-06-29 22:16:53.394  INFO 19030 --- [main] br.com.teste.reports.BSReportsService    : Starting BSReportsService on wisley-VPCF119FX with PID 19030 (/home/wisley/Downloads/gerarpdf/pom/target/classes started by wisley in /home/wisley/desenvolvimento/academia-api)
2022-06-29 22:16:53.403  INFO 19030 --- [main] br.com.teste.reports.BSReportsService    : No active profile set, falling back to default profiles: default
2022-06-29 22:16:55.582  INFO 19030 --- [main] o.s.b.w.embedded.tomcat.TomcatWebServer  : Tomcat initialized with port(s): 8889 (http)
2022-06-29 22:16:55.644  INFO 19030 --- [main] o.apache.catalina.core.StandardService   : Starting service [Tomcat]
2022-06-29 22:16:55.645  INFO 19030 --- [main] org.apache.catalina.core.StandardEngine  : Starting Servlet engine: [Apache Tomcat/9.0.19]
2022-06-29 22:16:55.817  INFO 19030 --- [main] o.a.c.c.C.[Tomcat].[localhost].[/]       : Initializing Spring embedded WebApplicationContext
2022-06-29 22:16:55.817  INFO 19030 --- [main] o.s.web.context.ContextLoader            : Root WebApplicationContext: initialization completed in 2302 ms
2022-06-29 22:16:56.241  INFO 19030 --- [main] o.s.s.concurrent.ThreadPoolTaskExecutor  : Initializing ExecutorService 'applicationTaskExecutor'
2022-06-29 22:16:56.592  INFO 19030 --- [main] o.s.b.w.embedded.tomcat.TomcatWebServer  : Tomcat started on port(s): 8889 (http) with context path ''
2022-06-29 22:16:56.600  INFO 19030 --- [main] br.com.teste.reports.BSReportsService    : Started BSReportsService in 4.111 seconds (JVM running for 5.027)
2022-06-29 22:17:49.094  INFO 19030 --- [http-nio-8889-exec-1] o.a.c.c.C.[Tomcat].[localhost].[/]       : Initializing Spring DispatcherServlet 'dispatcherServlet'
2022-06-29 22:17:49.095  INFO 19030 --- [http-nio-8889-exec-1] o.s.web.servlet.DispatcherServlet        : Initializing Servlet 'dispatcherServlet'
2022-06-29 22:17:49.106  INFO 19030 --- [http-nio-8889-exec-1] o.s.web.servlet.DispatcherServlet        : Completed initialization in 10 ms
2022-06-29 22:18:21.885  INFO 19030 --- [Thread-2] o.s.s.concurrent.ThreadPoolTaskExecutor  : Shutting down ExecutorService 'applicationTaskExecutor'
2022-06-29 22:18:26.210  INFO 19426 --- [main] br.com.teste.reports.BSReportsService    : Starting BSReportsService on wisley-VPCF119FX with PID 19426 (/home/wisley/Downloads/gerarpdf/pom/target/classes started by wisley in /home/wisley/desenvolvimento/academia-api)
2022-06-29 22:18:26.217  INFO 19426 --- [main] br.com.teste.reports.BSReportsService    : No active profile set, falling back to default profiles: default
2022-06-29 22:18:28.446  INFO 19426 --- [main] o.s.b.w.embedded.tomcat.TomcatWebServer  : Tomcat initialized with port(s): 8889 (http)
2022-06-29 22:18:28.537  INFO 19426 --- [main] o.apache.catalina.core.StandardService   : Starting service [Tomcat]
2022-06-29 22:18:28.537  INFO 19426 --- [main] org.apache.catalina.core.StandardEngine  : Starting Servlet engine: [Apache Tomcat/9.0.19]
2022-06-29 22:18:28.714  INFO 19426 --- [main] o.a.c.c.C.[.[localhost].[/api/reports]   : Initializing Spring embedded WebApplicationContext
2022-06-29 22:18:28.714  INFO 19426 --- [main] o.s.web.context.ContextLoader            : Root WebApplicationContext: initialization completed in 2359 ms
2022-06-29 22:18:29.137  INFO 19426 --- [main] o.s.s.concurrent.ThreadPoolTaskExecutor  : Initializing ExecutorService 'applicationTaskExecutor'
2022-06-29 22:18:29.503  INFO 19426 --- [main] o.s.b.w.embedded.tomcat.TomcatWebServer  : Tomcat started on port(s): 8889 (http) with context path '/api/reports'
2022-06-29 22:18:29.510  INFO 19426 --- [main] br.com.teste.reports.BSReportsService    : Started BSReportsService in 4.229 seconds (JVM running for 5.209)
2022-06-29 22:18:42.146  INFO 19426 --- [http-nio-8889-exec-1] o.a.c.c.C.[.[localhost].[/api/reports]   : Initializing Spring DispatcherServlet 'dispatcherServlet'
2022-06-29 22:18:42.148  INFO 19426 --- [http-nio-8889-exec-1] o.s.web.servlet.DispatcherServlet        : Initializing Servlet 'dispatcherServlet'
2022-06-29 22:18:42.162  INFO 19426 --- [http-nio-8889-exec-1] o.s.web.servlet.DispatcherServlet        : Completed initialization in 14 ms
2022-06-29 22:50:11.794  INFO 19426 --- [Thread-2] o.s.s.concurrent.ThreadPoolTaskExecutor  : Shutting down ExecutorService 'applicationTaskExecutor'
